{
  "RSpec": {
    "coverage": {
      "/Users/philjdelong/turing/3_mod/projects/ink_tank_ui/config/environment.rb": {
        "lines": [
          null,
          1,
          null,
          null,
          1
        ]
      },
      "/Users/philjdelong/turing/3_mod/projects/ink_tank_ui/config/application.rb": {
        "lines": [
          1,
          null,
          1,
          null,
          1,
          1,
          1,
          1,
          1,
          1,
          1,
          1,
          1,
          null,
          null,
          null,
          null,
          1,
          null,
          1,
          1,
          null,
          1,
          null,
          null,
          null,
          null,
          null,
          null,
          null,
          1,
          null,
          null
        ]
      },
      "/Users/philjdelong/turing/3_mod/projects/ink_tank_ui/config/boot.rb": {
        "lines": [
          1,
          null,
          1,
          1
        ]
      },
      "/Users/philjdelong/turing/3_mod/projects/ink_tank_ui/config/environments/test.rb": {
        "lines": [
          1,
          null,
          null,
          null,
          null,
          null,
          null,
          1,
          null,
          null,
          null,
          null,
          1,
          null,
          null,
          1,
          1,
          null,
          null,
          null,
          null,
          1,
          1,
          null,
          null,
          1,
          null,
          null,
          1,
          null,
          null,
          1,
          null,
          1,
          null,
          null,
          null,
          null,
          1,
          null,
          null,
          1,
          null,
          null,
          null,
          null
        ]
      },
      "/Users/philjdelong/turing/3_mod/projects/ink_tank_ui/config/initializers/application_controller_renderer.rb": {
        "lines": [
          null,
          null,
          null,
          null,
          null,
          null,
          null,
          null
        ]
      },
      "/Users/philjdelong/turing/3_mod/projects/ink_tank_ui/config/initializers/assets.rb": {
        "lines": [
          null,
          null,
          null,
          1,
          null,
          null,
          null,
          null,
          1,
          null,
          null,
          null,
          null,
          null
        ]
      },
      "/Users/philjdelong/turing/3_mod/projects/ink_tank_ui/config/initializers/backtrace_silencers.rb": {
        "lines": [
          null,
          null,
          null,
          null,
          null,
          null,
          null
        ]
      },
      "/Users/philjdelong/turing/3_mod/projects/ink_tank_ui/config/initializers/content_security_policy.rb": {
        "lines": [
          null,
          null,
          null,
          null,
          null,
          null,
          null,
          null,
          null,
          null,
          null,
          null,
          null,
          null,
          null,
          null,
          null,
          null,
          null,
          null,
          null,
          null,
          null,
          null,
          null
        ]
      },
      "/Users/philjdelong/turing/3_mod/projects/ink_tank_ui/config/initializers/cookies_serializer.rb": {
        "lines": [
          null,
          null,
          null,
          null,
          1
        ]
      },
      "/Users/philjdelong/turing/3_mod/projects/ink_tank_ui/config/initializers/filter_parameter_logging.rb": {
        "lines": [
          null,
          null,
          null,
          1
        ]
      },
      "/Users/philjdelong/turing/3_mod/projects/ink_tank_ui/config/initializers/inflections.rb": {
        "lines": [
          null,
          null,
          null,
          null,
          null,
          null,
          null,
          null,
          null,
          null,
          null,
          null,
          null,
          null,
          null,
          null
        ]
      },
      "/Users/philjdelong/turing/3_mod/projects/ink_tank_ui/config/initializers/mime_types.rb": {
        "lines": [
          null,
          null,
          null,
          null
        ]
      },
      "/Users/philjdelong/turing/3_mod/projects/ink_tank_ui/config/initializers/omniauth.rb": {
        "lines": [
          1,
          null,
          1,
          null,
          null,
          null,
          null,
          null,
          null,
          null,
          null,
          null
        ]
      },
      "/Users/philjdelong/turing/3_mod/projects/ink_tank_ui/config/initializers/wrap_parameters.rb": {
        "lines": [
          null,
          null,
          null,
          null,
          null,
          null,
          1,
          2,
          null,
          null,
          null,
          null,
          null,
          null
        ]
      },
      "/Users/philjdelong/turing/3_mod/projects/ink_tank_ui/spec/factories/artist_factory.rb": {
        "lines": [
          1,
          1,
          4,
          10,
          10,
          8,
          8,
          8,
          null,
          null
        ]
      },
      "/Users/philjdelong/turing/3_mod/projects/ink_tank_ui/spec/factories/artist_style_factory.rb": {
        "lines": [
          1,
          1,
          1,
          1,
          null,
          null,
          null
        ]
      },
      "/Users/philjdelong/turing/3_mod/projects/ink_tank_ui/spec/factories/shop_factory.rb": {
        "lines": [
          1,
          1,
          3,
          3,
          4,
          4,
          4,
          null,
          null
        ]
      },
      "/Users/philjdelong/turing/3_mod/projects/ink_tank_ui/spec/factories/style_factory.rb": {
        "lines": [
          1,
          1,
          3,
          8,
          null,
          null
        ]
      },
      "/Users/philjdelong/turing/3_mod/projects/ink_tank_ui/config/routes.rb": {
        "lines": [
          1,
          null,
          null,
          1,
          null,
          1,
          null,
          1,
          1,
          1,
          null,
          1,
          null,
          1,
          1,
          null,
          null,
          1,
          1,
          null,
          null,
          1,
          1,
          1,
          null,
          null
        ]
      },
      "/Users/philjdelong/turing/3_mod/projects/ink_tank_ui/app/helpers/application_helper.rb": {
        "lines": [
          1,
          null
        ]
      },
      "/Users/philjdelong/turing/3_mod/projects/ink_tank_ui/spec/features/home/user_can_search_images_spec.rb": {
        "lines": [
          1,
          null,
          1,
          1,
          1,
          1,
          null,
          1,
          null,
          1,
          1,
          1,
          null,
          1,
          null,
          null,
          null
        ]
      },
      "/Users/philjdelong/turing/3_mod/projects/ink_tank_ui/spec/features/nav/users_can_click_links_in_nav_spec.rb": {
        "lines": [
          1,
          null,
          1,
          1,
          1,
          null,
          1,
          1,
          1,
          1,
          1,
          null,
          null,
          null
        ]
      },
      "/Users/philjdelong/turing/3_mod/projects/ink_tank_ui/spec/features/shops/shop_index_spec.rb": {
        "lines": [
          1,
          null,
          1,
          1,
          1,
          1,
          null,
          null,
          1,
          1,
          null,
          1,
          1,
          null,
          1,
          null,
          1,
          1,
          null,
          null,
          null
        ]
      },
      "/Users/philjdelong/turing/3_mod/projects/ink_tank_ui/spec/features/shops/shop_show_spec.rb": {
        "lines": [
          1,
          null,
          1,
          1,
          1,
          1,
          1,
          1,
          1,
          1,
          null,
          null,
          1,
          1,
          null,
          1,
          1,
          null,
          1,
          null,
          1,
          1,
          1,
          1,
          null,
          1,
          1,
          null,
          null,
          null
        ]
      },
      "/Users/philjdelong/turing/3_mod/projects/ink_tank_ui/spec/features/styles/style_show_spec.rb": {
        "lines": [
          1,
          null,
          1,
          1,
          1,
          1,
          1,
          1,
          1,
          null,
          1,
          1,
          1,
          1,
          null,
          1,
          1,
          1,
          1,
          1,
          null,
          1,
          null,
          null,
          1,
          null,
          1,
          1,
          null,
          1,
          1,
          null,
          1,
          1,
          1,
          1,
          null,
          1,
          null,
          null,
          null
        ]
      },
      "/Users/philjdelong/turing/3_mod/projects/ink_tank_ui/spec/features/styles/styles_index_spec.rb": {
        "lines": [
          1,
          null,
          1,
          1,
          1,
          1,
          1,
          1,
          null,
          1,
          1,
          1,
          null,
          1,
          1,
          1,
          null,
          1,
          1,
          1,
          null,
          1,
          null,
          null,
          null
        ]
      },
      "/Users/philjdelong/turing/3_mod/projects/ink_tank_ui/spec/models/artist_spec.rb": {
        "lines": [
          1,
          null,
          1,
          1,
          2,
          2,
          2,
          2,
          2,
          2,
          null,
          null,
          1,
          2,
          2,
          null,
          null,
          1,
          1,
          1,
          1,
          1,
          1,
          null,
          1,
          null,
          1,
          1,
          1,
          null,
          null,
          1,
          1,
          1,
          1,
          null,
          1,
          null,
          1,
          1,
          1,
          null,
          null,
          1,
          1,
          1,
          1,
          1,
          null,
          1,
          null,
          1,
          null,
          null,
          1,
          1,
          1,
          1,
          1,
          1,
          null,
          1,
          1,
          1,
          null,
          1,
          null,
          1,
          1,
          1,
          null,
          null,
          null
        ]
      },
      "/Users/philjdelong/turing/3_mod/projects/ink_tank_ui/app/models/artist.rb": {
        "lines": [
          1,
          null,
          1,
          null,
          1,
          1,
          null,
          1,
          1,
          1,
          1,
          1,
          1,
          null,
          1,
          1,
          1,
          1,
          1,
          1,
          null,
          null,
          1,
          2,
          null,
          null,
          null,
          null,
          null,
          1,
          1,
          null,
          null,
          1,
          1,
          1,
          1,
          1,
          1,
          null,
          null
        ]
      },
      "/Users/philjdelong/turing/3_mod/projects/ink_tank_ui/app/models/application_record.rb": {
        "lines": [
          1,
          1,
          null
        ]
      },
      "/Users/philjdelong/turing/3_mod/projects/ink_tank_ui/spec/models/artist_style_spec.rb": {
        "lines": [
          1,
          null,
          1,
          1,
          2,
          2,
          null,
          null
        ]
      },
      "/Users/philjdelong/turing/3_mod/projects/ink_tank_ui/app/models/artist_style.rb": {
        "lines": [
          1,
          1,
          1,
          null
        ]
      },
      "/Users/philjdelong/turing/3_mod/projects/ink_tank_ui/spec/models/shop_spec.rb": {
        "lines": [
          1,
          null,
          1,
          2,
          null,
          2,
          2,
          2,
          2,
          2,
          null
        ]
      },
      "/Users/philjdelong/turing/3_mod/projects/ink_tank_ui/app/models/shop.rb": {
        "lines": [
          1,
          1,
          null,
          1,
          1,
          1,
          1,
          1,
          null,
          null
        ]
      },
      "/Users/philjdelong/turing/3_mod/projects/ink_tank_ui/spec/models/style_spec.rb": {
        "lines": [
          1,
          null,
          1,
          1,
          2,
          2,
          null,
          null,
          1,
          2,
          2,
          null,
          null
        ]
      },
      "/Users/philjdelong/turing/3_mod/projects/ink_tank_ui/app/models/style.rb": {
        "lines": [
          1,
          1,
          1,
          null,
          1,
          1,
          null,
          1,
          1,
          1,
          null,
          null,
          null
        ]
      },
      "/Users/philjdelong/turing/3_mod/projects/ink_tank_ui/app/controllers/application_controller.rb": {
        "lines": [
          1,
          null,
          1,
          0,
          null,
          null
        ]
      },
      "/Users/philjdelong/turing/3_mod/projects/ink_tank_ui/app/controllers/artist/dashboard_controller.rb": {
        "lines": [
          1,
          null,
          1,
          2,
          null,
          null
        ]
      },
      "/Users/philjdelong/turing/3_mod/projects/ink_tank_ui/app/controllers/artist/appointments_controller.rb": {
        "lines": [
          1,
          1,
          null,
          1,
          1,
          null,
          null,
          1,
          0,
          0,
          null,
          0,
          0,
          null,
          null,
          null,
          1,
          0,
          0,
          0,
          null,
          0,
          0,
          null,
          0,
          null,
          null,
          0,
          null,
          null,
          1,
          0,
          0,
          0,
          null,
          null,
          null,
          1,
          0,
          null,
          0,
          0,
          null,
          0,
          null,
          null,
          0,
          null,
          null,
          1,
          0,
          null,
          0,
          null,
          0,
          null,
          null,
          1,
          null,
          1,
          0,
          null,
          null
        ]
      },
      "/Users/philjdelong/turing/3_mod/projects/ink_tank_ui/app/models/appointment.rb": {
        "lines": [
          1,
          1,
          null,
          1,
          null,
          null,
          null,
          null,
          null,
          null
        ]
      },
      "/Users/philjdelong/turing/3_mod/projects/ink_tank_ui/app/controllers/payments_controller.rb": {
        "lines": [
          1,
          null,
          1,
          1,
          null,
          null
        ]
      },
      "/Users/philjdelong/turing/3_mod/projects/ink_tank_ui/app/controllers/welcome_controller.rb": {
        "lines": [
          1,
          null,
          1,
          5,
          5,
          1,
          1,
          null,
          null,
          null
        ]
      },
      "/Users/philjdelong/turing/3_mod/projects/ink_tank_ui/app/controllers/shops_controller.rb": {
        "lines": [
          1,
          null,
          1,
          0,
          0,
          0,
          0,
          null,
          null,
          0,
          null,
          null,
          1,
          0,
          0,
          0,
          0,
          0,
          null,
          0,
          null,
          null,
          null,
          1,
          2,
          0,
          null,
          2,
          2,
          null,
          null,
          null,
          1,
          2,
          0,
          null,
          2,
          null,
          null,
          null,
          1,
          0,
          0,
          0,
          0,
          null,
          null,
          1,
          0,
          null,
          null
        ]
      },
      "/Users/philjdelong/turing/3_mod/projects/ink_tank_ui/app/controllers/artists_controller.rb": {
        "lines": [
          1,
          null,
          1,
          0,
          null,
          null,
          null,
          null,
          null,
          1,
          0,
          null,
          null,
          null,
          null,
          null,
          1,
          0,
          null,
          null,
          1,
          1,
          1,
          null,
          null,
          1,
          0,
          0,
          0,
          null,
          null,
          1,
          null,
          1,
          0,
          null,
          null
        ]
      },
      "/Users/philjdelong/turing/3_mod/projects/ink_tank_ui/app/poros/image_fetcher.rb": {
        "lines": [
          1,
          1,
          1,
          1,
          0,
          0,
          0,
          null,
          null,
          null
        ]
      },
      "/Users/philjdelong/turing/3_mod/projects/ink_tank_ui/app/controllers/styles_controller.rb": {
        "lines": [
          1,
          null,
          1,
          2,
          null,
          null,
          1,
          1,
          1,
          1,
          1,
          null,
          null
        ]
      }
    },
    "timestamp": 1584321638
  }
}
